:Katalog /home/koji07/Dokumenty/Progsy/Bash/log nie istnieje. 
:Katalog /home/koji07/Dokumenty/Progsy/Bash/log utworzony. 
:Katalog /home/koji07/Dokumenty/Progsy/Bash/log istnieje. 
:Katalog /home/koji07/Dokumenty/Progsy/Bash/log istnieje. 
Pakiet unzip nie jest zainstalowany. Nastąpi jego instalacja
Czytanie list pakietów...
Budowanie drzewa zależności...
Odczyt informacji o stanie...
unzip is already the newest version (6.0-26).
unzip zaznaczony jako zainstalowany ręcznie.
Następujące pakiety zostały zainstalowane automatycznie i nie są już więcej wymagane:
  gnome-desktop3-data libgnome-desktop-3-19 libxkbregistry0
Aby je usunąć należy użyć "sudo apt autoremove".
0 aktualizowanych, 0 nowo instalowanych, 0 usuwanych i 109 nieaktualizowanych.
Problem z instalacją pakietu sprawdź wyżej.
Czytanie list pakietów...
Budowanie drzewa zależności...
Odczyt informacji o stanie...
Następujące pakiety zostały zainstalowane automatycznie i nie są już więcej wymagane:
  gnome-desktop3-data libgnome-desktop-3-19 libxkbregistry0
Aby je usunąć należy użyć "sudo apt autoremove".
0 aktualizowanych, 0 nowo instalowanych, 0 usuwanych i 109 nieaktualizowanych.
Pakiet zip nie jest zainstalowany. Nastąpi jego instalacja
Czytanie list pakietów...
Budowanie drzewa zależności...
Odczyt informacji o stanie...
zip is already the newest version (3.0-12).
zip zaznaczony jako zainstalowany ręcznie.
Następujące pakiety zostały zainstalowane automatycznie i nie są już więcej wymagane:
  gnome-desktop3-data libgnome-desktop-3-19 libxkbregistry0
Aby je usunąć należy użyć "sudo apt autoremove".
0 aktualizowanych, 0 nowo instalowanych, 0 usuwanych i 109 nieaktualizowanych.
Problem z instalacją pakietu sprawdź wyżej.
Czytanie list pakietów...
Budowanie drzewa zależności...
Odczyt informacji o stanie...
Następujące pakiety zostały zainstalowane automatycznie i nie są już więcej wymagane:
  gnome-desktop3-data libgnome-desktop-3-19 libxkbregistry0
Aby je usunąć należy użyć "sudo apt autoremove".
0 aktualizowanych, 0 nowo instalowanych, 0 usuwanych i 109 nieaktualizowanych.
:Katalog /home/koji07/Dokumenty/Progsy/Bash/log istnieje. 
Pakiet unzip nie jest zainstalowany. Nastąpi jego instalacja
Czytanie list pakietów...
Budowanie drzewa zależności...
Odczyt informacji o stanie...
unzip is already the newest version (6.0-26).
Następujące pakiety zostały zainstalowane automatycznie i nie są już więcej wymagane:
  gnome-desktop3-data libgnome-desktop-3-19 libxkbregistry0
Aby je usunąć należy użyć "sudo apt autoremove".
0 aktualizowanych, 0 nowo instalowanych, 0 usuwanych i 109 nieaktualizowanych.
Pakiet unzip został poprawnie zainstalowany
Czytanie list pakietów...
Budowanie drzewa zależności...
Odczyt informacji o stanie...
Następujące pakiety zostały zainstalowane automatycznie i nie są już więcej wymagane:
  gnome-desktop3-data libgnome-desktop-3-19 libxkbregistry0
Aby je usunąć należy użyć "sudo apt autoremove".
0 aktualizowanych, 0 nowo instalowanych, 0 usuwanych i 109 nieaktualizowanych.
Pakiet zip nie jest zainstalowany. Nastąpi jego instalacja
Czytanie list pakietów...
Budowanie drzewa zależności...
Odczyt informacji o stanie...
zip is already the newest version (3.0-12).
Następujące pakiety zostały zainstalowane automatycznie i nie są już więcej wymagane:
  gnome-desktop3-data libgnome-desktop-3-19 libxkbregistry0
Aby je usunąć należy użyć "sudo apt autoremove".
0 aktualizowanych, 0 nowo instalowanych, 0 usuwanych i 109 nieaktualizowanych.
Pakiet zip został poprawnie zainstalowany
Czytanie list pakietów...
Budowanie drzewa zależności...
Odczyt informacji o stanie...
Następujące pakiety zostały zainstalowane automatycznie i nie są już więcej wymagane:
  gnome-desktop3-data libgnome-desktop-3-19 libxkbregistry0
Aby je usunąć należy użyć "sudo apt autoremove".
0 aktualizowanych, 0 nowo instalowanych, 0 usuwanych i 109 nieaktualizowanych.
